         w __deregister_frame_info
         w __register_frame_info
         w __syscall_lock_close_recursive
         w userAppExit
         w userAppInit
00000000 00000401 B __ctru_dev_path_buf
00000000 b _TLS_MODULE_BASE_
00000000 a shift
00000000 a shift
00000404 00000802 B __ctru_dev_utf16_buf
00100000 A __start__
00100000 T _start
00100008 T __service_ptr
0010000c T __apt_appid
00100010 T __heap_size
00100014 T __linear_heap_size
00100018 T __system_arglist
0010001c T __system_runflags
00100020 t startup
00100058 t ClearMem
0010006c t ClrLoop
00100094 T _init
001000ac t .udivsi3_skip_div0_test
001000ac T __aeabi_uidiv
001000ac 000001ec T __udivsi3
00100298 00000020 T __aeabi_uidivmod
001002b8 T __aeabi_idiv
001002b8 00000220 T __divsi3
001002c0 t .divsi3_skip_div0_test
001004d8 00000020 T __aeabi_idivmod
001004f8 00000004 W __aeabi_idiv0
001004f8 00000004 W __aeabi_ldiv0
001004fc T __aeabi_drsub
00100504 000002b0 T __aeabi_dsub
00100504 000002b0 T __subdf3
00100508 000002ac T __adddf3
00100508 000002ac T __aeabi_dadd
001007b4 00000024 T __aeabi_ui2d
001007b4 00000024 T __floatunsidf
001007d8 00000028 T __aeabi_i2d
001007d8 00000028 T __floatsidf
00100800 00000048 T __aeabi_f2d
00100800 00000048 T __extendsfdf2
00100848 00000074 T __aeabi_ul2d
00100848 00000074 T __floatundidf
0010085c 00000060 T __aeabi_l2d
0010085c 00000060 T __floatdidf
001008bc T __aeabi_ldivmod
00100990 T __aeabi_uldivmod
001009e8 00000390 T strcmp
00100d70 t __do_global_dtors_aux
00100db0 t frame_dummy
00100ddc 000002ec T app
001010c8 00000034 T initBuffer
001010fc 00000034 T initMainScreen
00101130 000001dc T renderMainScreen_Top
0010130c 00000118 T renderMainScreen_Bottom
00101424 000002f4 T renderShopScreen_Bottom
00101718 00000028 T exitScene
00101740 0000004c T getInput
0010178c 00000054 T ButtonClick
001017e0 00000064 t C2D_SpriteFromSheet
00101844 00000244 T main
00101a88 00000044 t C2Di_FrameEndHook
00101ad0 0000036c T C2D_Init
00101e3c 0000004c T C2D_Fini
00101e88 000000b8 T C2D_Prepare
00101f40 00000048 T C2D_Flush
00101f88 00000104 T C2D_SceneSize
0010208c 00000058 T C2D_CreateScreenTarget
001020e4 00000064 T C2D_TargetClear
00102148 0000013c T C2Di_CalcQuad
00102284 00000058 T C2Di_AppendQuad
001022dc 00000040 T C2Di_AppendVtx
0010231c 00000550 T C2Di_Update
0010286c 000002b0 T C2D_DrawImage
00102b1c 00000158 T C2D_DrawRectangle
00102c74 00000018 t C2Di_GlyphComp
00102c8c 00000140 t C2Di_CalcLineWidths
00102dcc 000001dc T C2D_TextBufNew
00102fa8 00000004 T C2D_TextBufDelete
00102fac 0000000c T C2D_TextBufClear
00102fb8 000001c8 T C2D_TextFontParseLine
00103180 000000a8 T C2D_TextFontParse
00103228 00000014 T C2D_TextParse
0010323c 00000030 T C2D_TextOptimize
0010326c 00000f6c T C2D_DrawText
001041d8 0000006c T C2D_SpriteSheetLoadFromHandle
00104244 00000048 T C2D_SpriteSheetLoad
0010428c 00000028 T C2D_SpriteSheetFree
001042b4 0000002c T C2D_SpriteSheetGetImage
001042e0 00000044 T C2D_FontGlyphIndexFromCodePoint
00104324 00000078 T C2D_FontCalcGlyphPos
0010439c 00000004 W C3Di_LightEnvUpdate
001043a0 00000004 W C3Di_LightEnvDirty
001043a4 000000b4 t C3Di_AptEventHook
00104458 00000004 W C3Di_GasUpdate
0010445c 000001e0 T C3D_Init
0010463c 00000098 T C3D_SetViewport
001046d4 000004e8 T C3Di_UpdateContext
00104bbc 000000e0 T C3Di_SplitFrame
00104c9c 00000044 T C3D_Fini
00104ce0 00000114 T C3D_BindProgram
00104df4 0000004c t onVBlank0
00104e40 0000004c t onVBlank1
00104e8c 00000080 t C3Di_RenderTargetDestroy
00104f0c 000000f4 t onQueueFinish
00105000 00000038 T C3Di_RenderQueueEnableVBlank
00105038 00000030 T C3Di_RenderQueueDisableVBlank
00105068 00000060 T C3Di_RenderQueueInit
001050c8 000000b0 T C3Di_RenderQueueExit
00105178 00000034 T C3Di_RenderQueueWaitDone
001051ac 000000e4 T C3D_FrameBegin
00105290 00000048 T C3D_FrameDrawOn
001052d8 00000058 T C3D_FrameSplit
00105330 000001d8 T C3D_FrameEnd
00105508 0000001c T C3D_FrameEndHook
00105524 00000184 T C3D_RenderTargetCreate
001056a8 000000a8 T C3D_RenderTargetSetOutput
00105750 000000fc T C3D_SyncTextureCopy
0010584c 00000294 T C3D_TexInitWithParams
00105ae0 000000c8 T C3D_TexLoadImage
00105ba8 00000044 T C3D_TexBind
00105bec 00000074 T C3D_TexDelete
00105c60 0000016c T C3Di_SetTex
00105dcc 000003f4 t Tex3DSi_ImportCommon
001061c0 00000038 T Tex3DS_TextureImportStdio
001061f8 0000001c T Tex3DS_GetSubTexture
00106214 00000004 T Tex3DS_TextureFree
00106218 0000001c T C3D_CalcColorBufSize
00106234 0000001c T C3D_CalcDepthBufSize
00106250 00000044 T C3D_SetFrameBuf
00106294 0000016c T C3Di_FrameBufBind
00106400 000000c8 T C3D_FrameBufClear
001064c8 00000044 T C3D_FrameBufTransfer
0010650c 00000034 T C3D_GetTexEnv
00106540 00000024 T C3Di_TexEnvBind
00106564 00000218 T C3D_DrawElements
0010677c 00000070 T C3D_ProcTexInit
001067ec 00000054 T C3D_ProcTexBind
00106840 0000005c T C3D_ProcTexLutBind
0010689c 000000a4 T ProcTexLut_FromArray
00106940 0000017c T C3Di_ProcTexUpdate
00106abc 00000068 T C3Di_ProcTexDirty
00106b24 00000024 T BufInfo_Init
00106b48 00000080 T BufInfo_Add
00106bc8 00000040 T C3D_SetBufInfo
00106c08 00000048 T C3Di_BufInfoBind
00106c50 00000040 T C3D_DepthMap
00106c90 0000001c T C3D_CullFace
00106cac 00000040 T C3D_StencilTest
00106cec 00000024 T C3D_StencilOp
00106d10 0000001c T C3D_BlendingColor
00106d2c 00000024 T C3D_EarlyDepthTest
00106d50 0000002c T C3D_DepthTest
00106d7c 0000002c T C3D_AlphaTest
00106da8 00000050 T C3D_AlphaBlend
00106df8 00000030 T C3D_FragOpMode
00106e28 00000044 T C3D_FragOpShadow
00106e6c 000001ac T C3Di_EffectBind
00107018 00000028 T AttrInfo_Init
00107040 00000094 T AttrInfo_AddLoader
001070d4 00000054 T C3D_SetAttrInfo
00107128 00000080 T C3Di_AttrInfoBind
001071a8 000000a8 T C3D_ImmSendAttrib
00107250 00000280 T C3D_UpdateUniforms
001074d0 000000c0 T C3Di_DirtyUniforms
00107590 000000d8 T C3Di_LoadShaderUniforms
00107668 00000028 T C3Di_ClearShaderUniforms
00107690 000000cc T Mtx_Ortho
0010775c 000000cc T Mtx_OrthoTilt
00107828 00000024 t addrMapNodeComparator(rbtree_node const*, rbtree_node const*)
0010784c 00000004 t addrMapNodeDestructor(rbtree_node*)
00107850 00000258 T vramMemAlignAt
00107aa8 0000000c T vramAlloc
00107ab4 0000000c T vramAllocAt
00107ac0 00000090 T vramFree
00107b50 00000024 t addrMapNodeComparator(rbtree_node const*, rbtree_node const*)
00107b74 00000004 t addrMapNodeDestructor(rbtree_node*)
00107b78 00000130 T linearMemAlign
00107ca8 00000008 T linearAlloc
00107cb0 0000005c T linearFree
00107d0c 00000080 T MemPool::CoalesceRight(MemBlock*)
00107d8c 00000174 T MemPool::Allocate(MemChunk&, unsigned long, int)
00107f00 000000fc T MemPool::Deallocate(MemChunk const&)
00107ffc 00000030 T MemPool::GetFreeSpace()
0010802c 00000008 t romfs_close
00108034 000000c4 t romfs_seek
001080f8 00000024 t romfs_dirreset
0010811c 000000c8 t fill_dir
001081e4 000002b0 t romfs_dirnext
00108494 00000084 t romfs_free
00108518 000000d4 t searchForFile.constprop.0
001085ec 000000d8 t searchForDir.constprop.0
001086c4 000001c0 t navigateToDir.constprop.0
00108884 00000128 t romfs_open
001089ac 0000004c t romfs_chdir
001089f8 00000070 t romfs_diropen
00108a68 0000017c t romfs_stat
00108be4 00000008 t romfs_dirclose
00108bec 0000007c t romfs_fstat
00108c68 000000d0 t romfs_read
00108d38 00000290 T romfsMountFromFile
00108fc8 00000098 T romfsMountFromCurrentProcess
00109060 00000260 T romfsMountSelf
001092c0 00000074 T osConvertVirtToPhys
00109334 00000054 T osGetTimeRef
00109388 000000ec T osGetTime
00109474 00000034 T __ctru_speedup_config
001094a8 0000009c T fontEnsureMapped
00109544 000000f8 T fontGlyphIndexFromCodePoint
0010963c 0000006c T fontGetCharWidthInfo
001096a8 000001c0 T fontCalcGlyphPos
00109868 000000d0 t gfxPresentFramebuffer
00109938 0000001c T gfxIsWide
00109954 000000ec T gfxSetScreenFormat
00109a40 000000e8 T gfxInit
00109b28 00000010 T gfxInitDefault
00109b38 000000b4 T gfxExit
00109bec 000000a0 T gfxGetFramebuffer
00109c8c 0000010c T gfxFlushBuffers
00109d98 00000030 T gfxScreenSwapBuffers
00109dc8 000001dc T shaderInstanceInit
00109fa4 00000018 T shaderInstanceGetUniformLocation
00109fbc 0000001c T shaderProgramInit
00109fd8 00000064 T shaderProgramFree
0010a03c 00000080 T shaderProgramSetVsh
0010a0bc 000008c8 T shaderProgramConfigure
0010a984 000001f8 t DVLE_GenerateOutmap.part.0
0010ab7c 000001cc T DVLB_ParseFile
0010ad48 00000038 T DVLB_Free
0010ad80 00000074 T DVLE_GetUniformRegister
0010adf4 00000010 T GX_BindQueue
0010ae04 00000078 T GX_ProcessCommandList
0010ae7c 00000074 T GX_MemoryFill
0010aef0 00000070 T GX_DisplayTransfer
0010af60 00000074 T GX_TextureCopy
0010afd4 00000068 t gxCmdQueueDoCommands.part.0
0010b03c 000000c8 T gxCmdQueueInterrupt
0010b104 0000004c T gxCmdQueueClear
0010b150 000000f8 T gxCmdQueueAdd
0010b248 00000080 T gxCmdQueueRun
0010b2c8 00000060 T gxCmdQueueStop
0010b328 00000074 T gxCmdQueueWait
0010b39c 0000013c T GPUCMD_Add
0010b4d8 000000b0 T GPUCMD_Split
0010b588 00000040 T f32tof16
0010b5c8 00000040 T f32tof24
0010b608 00000044 T f32tof31
0010b64c 00000c58 t gspHardwareInit
0010c2a4 0000024c T gspInit
0010c4f0 000000f0 T gspExit
0010c5e0 00000010 T gspHasGpuRight
0010c5f0 000000a0 T gspPresentBuffer
0010c690 00000030 T gspSetEventCallback
0010c6c0 00000050 T gspWaitForEvent
0010c710 0000004c T gspWaitForAnyEvent
0010c75c 00000160 t gspEventThreadMain
0010c8bc 00000130 T gspSubmitGxCommand
0010c9ec 00000050 T GSPGPU_FlushDataCache
0010ca3c 00000034 T GSPGPU_SetLcdForceBlack
0010ca70 00000068 T GSPGPU_AcquireRight
0010cad8 00000048 T GSPGPU_ReleaseRight
0010cb20 0000007c T GSPGPU_ImportDisplayCaptureInfo
0010cb9c 0000002c T GSPGPU_SaveVramSysArea
0010cbc8 0000002c T GSPGPU_RestoreVramSysArea
0010cbf4 000001b0 t aptConvertScreenForCapture
0010cda4 00000008 W aptDspSleep
0010cdac 00000004 W aptDspWakeup
0010cdb0 00000004 W aptDspCancel
0010cdb4 0000015c T aptSendCommand
0010cf10 00000038 t aptExitProcess
0010cf48 000002f0 T aptExit
0010d238 000000d8 T aptHandleSleep
0010d310 00000030 T aptHook
0010d340 00000030 T aptUnhook
0010d370 00000084 T APT_SleepIfShellClosed
0010d3f4 00000084 T aptSetSleepAllowed
0010d478 00000084 T APT_UnlockTransition
0010d500 00000484 t aptEventHandler
0010d984 000000b0 T APT_ReceiveParameter
0010da34 000000b0 t aptReceiveParameter.constprop.0
0010dae8 000002bc t aptScreenTransfer
0010dda4 00000374 t aptWaitForWakeUp.isra.0
0010e118 000000f8 T aptJumpToHomeMenu
0010e210 0000004c T aptMainLoop
0010e25c 00000234 T aptInit
0010e490 0000007c T APT_CheckNew3DS
0010e50c 00000048 T APT_GetSharedFont
0010e554 00000024 W hidShouldUseIrrst
0010e578 0000018c T hidInit
0010e704 000000e8 T hidExit
0010e7ec 000002a4 T hidScanInput
0010ea90 00000010 T hidKeysHeld
0010eaa0 00000010 T hidKeysDown
0010eab0 00000010 T hidKeysUp
0010eac0 00000018 T hidTouchRead
0010ead8 00000074 T ptmSysmInit
0010eb4c 0000003c T ptmSysmExit
0010eb88 00000034 T PTMSYSM_ConfigureNew3DSCPU
0010ebbc 000000c8 T fsInit
0010ec84 0000003c T fsExit
0010ecc0 00000060 T fsExemptFromSession
0010ed20 00000050 T fsUnexemptFromSession
0010ed70 000000cc T FSUSER_OpenFile
0010ee3c 000000d4 T FSUSER_OpenFileDirectly
0010ef10 000000bc T FSUSER_DeleteFile
0010efcc 000000f8 T FSUSER_RenameFile
0010f0c4 000000bc T FSUSER_DeleteDirectory
0010f180 000000d4 T FSUSER_CreateFile
0010f254 000000c4 T FSUSER_CreateDirectory
0010f318 000000f8 T FSUSER_RenameDirectory
0010f410 000000b4 T FSUSER_OpenDirectory
0010f4c4 00000094 T FSUSER_OpenArchive
0010f558 0000008c T FSUSER_CloseArchive
0010f5e4 00000074 T FSUSER_GetSdmcArchiveResource
0010f658 00000064 T FSUSER_IsSdmcWritable
0010f6bc 00000058 T FSFILE_Read
0010f714 00000060 T FSFILE_Write
0010f774 00000038 T FSFILE_GetSize
0010f7ac 00000028 T FSFILE_SetSize
0010f7d4 0000003c T FSFILE_Close
0010f810 00000024 T FSFILE_Flush
0010f834 00000050 T FSDIR_Read
0010f884 0000003c T FSDIR_Close
0010f8c0 000000cc t buffer_read
0010f98c 000000d0 t iov_read
0010fa5c 00000128 t iov_memmove
0010fb84 000001d8 t decompress_rle
0010fd5c 0000024c t decompress_lzss
0010ffa8 000002ec t decompress_huff.part.0
00110294 00000458 t decompress_lz11
001106ec 00000010 T decompressCallback_Stdio
001106fc 000000d8 T decompressHeader
001107d4 0000023c T decompressV
00110a10 00000010 T rbtree_init
00110a20 000001a8 t do_insert
00110bc8 00000008 T rbtree_insert
00110bd0 00000090 T rbtree_rotate
00110c60 00000338 T rbtree_remove
00110f98 00000074 T rbtree_find
0011100c 000000e8 T utf16_to_utf8
001110f4 00000064 T decode_utf16
00111158 0000013c T decode_utf8
00111294 000000c0 T utf8_to_utf16
00111358 000001e0 W __system_allocateHeaps
00111538 00000038 W __libctru_init
00111570 00000168 W __system_initArgv
001116d8 T svcControlMemory
001116f8 T svcQueryMemory
00111728 T svcExitProcess
00111730 T svcCreateThread
00111750 T svcExitThread
00111758 T svcSleepThread
00111760 T svcReleaseMutex
00111768 T svcCreateEvent
0011177c T svcSignalEvent
00111784 T svcClearEvent
0011178c T svcMapMemoryBlock
00111794 T svcUnmapMemoryBlock
0011179c T svcCreateAddressArbiter
001117b0 T svcArbitrateAddressNoTimeout
001117b8 T svcCloseHandle
001117c0 T svcWaitSynchronization
001117c8 T svcWaitSynchronizationN
001117f0 T svcDuplicateHandle
00111804 T svcGetSystemTick
0011180c T svcConnectToPort
00111820 T svcSendSyncRequest
00111828 T svcGetResourceLimit
0011183c T svcGetResourceLimitLimitValues
00111844 T svcGetResourceLimitCurrentValues
0011184c T svcBreak
00111854 W initSystem
001118a4 W __ctru_exit
001118bc T __aeabi_read_tp
001118c8 0000000c T __sync_init
001118d4 00000018 T __sync_fini
001118ec 0000002c T syncArbitrateAddress
00111918 00000094 T LightLock_Lock
001119ac 00000040 T LightLock_Unlock
001119ec 00000024 T RecursiveLock_Init
00111a10 00000030 T RecursiveLock_Lock
00111a40 00000054 T RecursiveLock_Unlock
00111a94 00000040 T LightEvent_Init
00111ad4 000000a4 T LightEvent_Clear
00111b78 000000c8 T LightEvent_Signal
00111c40 00000058 T LightEvent_TryWait
00111c98 000000b0 T LightEvent_Wait
00111d48 00000084 W envGetHandle
00111dcc 00000050 W envDestroyHandles
00111e1c 00000124 T srvInit
00111f40 00000058 T srvExit
00111f98 00000080 T srvGetServiceHandleDirect
00112018 00000048 T srvGetServiceHandle
00112060 00000038 T srvPublishToSubscriber
00112098 00000188 T threadCreate
00112220 0000002c T threadFree
0011224c 00000024 T threadJoin
00112270 00000030 T threadGetCurrent
001122a0 00000040 T threadExit
001122e0 00000044 t _thread_begin
00112324 00000094 t mappableFindAddressWithin
001123b8 00000028 T mappableInit
001123e0 00000080 T mappableAlloc
00112460 00000004 T mappableFree
00112464 00000160 T irrstInit
001125c4 000000cc T irrstExit
00112690 000000b4 T irrstScanInput
00112744 00000024 T irrstKeysHeld
00112768 0000000c T srvPmGetSessionHandle
00112774 00000058 T rbtree_node_next
001127cc 00000060 T encode_utf16
0011282c 000000fc T encode_utf8
00112928 00000030 W __appInit
00112958 00000030 T __syscall_getreent
00112988 00000074 T __syscall_gettod_r
001129fc 00000004 T __syscall_lock_acquire
00112a00 00000004 T __syscall_lock_release
00112a04 00000004 T __syscall_lock_init_recursive
00112a08 00000004 T __syscall_lock_acquire_recursive
00112a0c 00000004 T __syscall_lock_release_recursive
00112a10 00000004 T __syscall_exit
00112a14 00000060 T __system_initSyscalls
00112a74 00000030 W __appExit
00112aa4 00000090 W __libctru_exit
00112b34 00000014 t archive_link
00112b48 00000014 t archive_dirreset
00112b5c 00000014 t archive_chmod
00112b70 00000024 t error_cmp
00112b94 00000050 t archive_translate_error
00112be4 000000d4 t archive_seek
00112cb8 0000007c t _archiveInit.part.0
00112d34 0000008c t archiveFindDevice.part.0
00112dc0 00000260 t archive_utf16path
00113020 000000a0 t _archiveUnmountDeviceStruct.part.0
001130c0 00000014 t archive_fchmod
001130d4 00000014 t archive_statvfs
001130e8 00000158 t _archiveMountDevice
00113240 000000e8 t archive_diropen
00113328 000000a4 t archive_fstat
001133cc 0000006c t archive_close
00113438 0000006c t archive_fsync
001134a4 00000070 t archive_dirclose
00113514 000000e8 t sdmc_statvfs
001135fc 00000080 t archive_ftruncate
0011367c 000000fc t archive_chdir
00113778 000000b0 t archive_read
00113828 000000ac t archive_unlink
001138d4 000000c8 t archive_rmdir
0011399c 000000ec t archive_mkdir
00113a88 000001a8 t archive_stat
00113c30 0000026c t archive_rename
00113e9c 00000168 t archive_dirnext
00114004 0000012c t archive_write
00114130 000001e8 t archive_open
00114318 000001a4 T archiveMountSdmc
001144bc 00000054 T archiveUnmountAll
00114510 0000022c T cosf
0011473c 00000024 t with_errnof
00114760 0000001c T __math_invalidf
0011477c 000000b8 T ceilf
00114838 0000026c T sinf
00114aa4 00000120 T __udivmoddi4
00114bc4 00000078 T bsearch
00114c3c 00000028 T calloc
00114c64 000000bc T _calloc_r
00114d20 0000000c T __errno
00114d2c 00000034 T exit
00114d60 00000160 T _fclose_r
00114ec0 00000020 T fclose
00114ee0 00000258 T __sflush_r
00115138 00000094 T _fflush_r
001151cc 00000038 T fflush
00115204 0000000c T _cleanup_r
00115210 00000184 T __sinit
00115394 00000134 T __sfp
001154c8 0000000c T __sfp_lock_acquire
001154d4 0000000c T __sfp_lock_release
001154e0 0000003c T __libc_fini_array
0011551c 00000140 T _fopen_r
0011565c 00000028 T fopen
00115684 000002d4 T _fread_r
00115958 00000038 T fread
00115990 000000f8 T _malloc_trim_r
00115a88 000002e4 T _free_r
00115d6c 0000001c T _fseek_r
00115d88 00000598 T _fseeko_r
00116320 00000068 T _fwalk
00116388 00000070 T _fwalk_reent
001163f8 00000020 T gmtime
00116418 00000250 T gmtime_r
00116668 0000007c T __libc_init_array
001166e4 00000138 T __smakebuf_r
0011681c 0000008c T __swhatbuf_r
001168a8 00000028 T memalign
001168d0 00000150 T _memalign_r
00116a20 00000020 T malloc
00116a40 00000020 T free
00116a60 000007e0 T _malloc_r
00117240 000000a8 T memcmp
001172e8 0000011c T memcpy
00117404 00000118 T memset
0011751c 0000000c T __malloc_lock
00117528 0000000c T __malloc_unlock
00117534 00000958 T qsort
00117e8c 00000558 T _realloc_r
001183e4 0000001c t lflush
00118400 000001ac T __srefill_r
001185ac 00000260 T setvbuf
0011880c 000000cc T snprintf
001188d8 00000044 T __sread
0011891c 00000068 T __swrite
00118984 00000048 T __sseek
001189cc 00000008 T __sclose
001189d4 0000012c T strchr
00118b00 0000005c T strlen
00118b5c 000000ec T strncat
00118c48 000000dc T strncmp
00118d24 000000c0 T strncpy
00118de4 00000048 T strnlen
00118e2c 000001c4 t _strtoul_l.constprop.0
00118ff0 00000030 T strtoul
00119020 00000628 t get_arg
00119648 000035b8 T _svfprintf_r
0011cc00 0000003c T time
0011cc3c 00000054 T _wcrtomb_r
0011cc90 00000028 T _wcsrtombs_r
0011ccb8 00000114 T __call_exitprocs
0011cdcc 000001ac t quorem
0011cf78 000012cc T _dtoa_r
0011e244 000000cc T __sflags
0011e310 0000000c T _localeconv_r
0011e31c 00000010 T __locale_mb_cur_max
0011e32c 000002e4 T __utf8_mbtowc
0011e610 000000e0 T memchr
0011e6f0 00000154 T memmove
0011e844 00000088 T _Balloc
0011e8cc 0000001c T _Bfree
0011e8e8 000000f4 T __multadd
0011e9dc 00000058 T __hi0bits
0011ea34 00000094 T __lo0bits
0011eac8 000000a4 T __i2b
0011eb6c 00000204 T __multiply
0011ed70 00000120 T __pow5mult
0011ee90 0000013c T __lshift
0011efcc 00000058 T __mcmp
0011f024 000001cc T __mdiff
0011f1f0 00000124 T __d2b
0011f318 000000a8 T frexp
0011f3c0 00000190 T __ssprint_r
0011f550 00000190 T _wcsnrtombs_l
0011f6e0 0000004c T _wcsnrtombs_r
0011f72c 000000f0 T __utf8_wctomb
0011f81c 00000054 T __assert_func
0011f870 0000003c T fiprintf
0011f8ac 00000628 t get_arg
0011fed4 00000030 T __sprint_r
0011ff04 0000233c T _vfiprintf_r
00122240 000000d4 t __sbprintf
00122314 00000154 T __swsetup_r
00122468 00000014 T abort
0012247c 000004c0 T __sfvwrite_r
0012293c 00000098 T _raise_r
001229d4 00000020 T raise
001229f4 00000008 t null_write
001229fc 00000018 T setDefaultDevice
00122a14 000000c8 T FindDevice
00122adc 00000028 T RemoveDevice
00122b04 0000009c T AddDevice
00122ba0 00000020 T GetDeviceOpTab
00122bc0 00000078 T _fstat_r
00122c38 00000014 T _getpid_r
00122c4c 00000030 T _gettimeofday_r
00122c7c 00000008 T _isatty_r
00122c84 00000014 T _kill_r
00122c98 00000084 T _lseek_r
00122d1c 000000c8 T _open_r
00122de4 00000080 T _read_r
00122e64 00000078 T _sbrk_r
00122edc 00000080 T _write_r
00122f5c 00000020 T _exit
00122f7c 000001b8 T _concatenate_path
00123134 00000160 T chdir
00123294 00000008 T __flockfile
0012329c 00000008 T __funlockfile
001232a4 0000008c T __release_handle
00123330 000000b4 T __alloc_handle
001233e4 0000003c T __get_handle
00123420 000000f4 T _close_r
00123514 0000002c T __getreent
00123540 0000001c T __libc_lock_acquire
0012355c 0000001c T __libc_lock_release
00123578 0000001c T __libc_lock_init_recursive
00123594 0000001c T __libc_lock_acquire_recursive
001235b0 0000001c T __libc_lock_release_recursive
001235cc 0000001c T __libc_lock_close_recursive
001235e8 00000044 T strrchr
0012362c T _fini
001240e8 00000008 r s_defaultTint.0
001240f4 R render2d_shbin
00124280 R render2d_shbin_end
00124280 R render2d_shbin_size
00124284 00000038 r CSWTCH.19
001242bc 00000005 r colorFmtSizes
001242c4 00000004 r depthFmtSizes
001242c8 00000010 r CSWTCH.9
001242fc 00000070 r romFS_devoptab
00124390 00000008 r morton_x.3
00124398 00000008 r morton_y.2
001243a0 00000008 r s_sleepWakeEvents.4
0012440c 00000070 r archive_devoptab
0012447c 00000030 r error_table
001244ac 00000060 R __inv_pio4
00124510 000000e0 R __sincosf_table
001245f0 00000004 R _global_impure_ptr
00124630 00000010 r blanks.1
00124640 00000010 r zeroes.0
00124650 00000101 R _ctype_
00124764 r .LC2
00124840 00000028 R __mprec_bigtens
00124868 000000c8 R __mprec_tens
00124930 0000000c r p05.0
0012493c 0000006c R __action_table
001249a8 00000100 R __chclass
00124aa8 0000006c R __state_table
00124b54 00000010 r blanks.1
00124b64 00000010 r zeroes.0
00124b74 00000070 R dotab_stdnull
00124be4 r 
00124be4 R __exidx_end
00124be4 R __exidx_start
00125000 00000004 D cookiesTotal
00125004 00000004 D mode
00125008 00000004 D seconds_old
0012500c 00000028 D upgrade
00125034 00000008 D upgrade_costs
0012503c 00000008 D upgrade_gain
00125044 00000004 D upgrades_total
00125048 00000004 d framerate
0012504c 00000008 d framerateCounter
00125054 00000004 d queueLock
00125058 00000004 d kCount
0012505c 00000004 d kDelay
00125060 00000004 d kInterval
00125064 W __stacksize__
00125068 00000004 D _impure_ptr
00125070 00000460 d impure_data
001254d0 00000408 D __malloc_av_
001258d8 00000004 D __malloc_sbrk_base
001258dc 00000004 D __malloc_trim_threshold
001258e0 0000016c D __global_locale
00125a4c 00000004 d defaultDevice
00125a50 0000008c D devoptab_list
00125adc 00000400 d _current_working_directory
00125edc 0000000c d __stderr_handle
00125ee8 0000000c d __stdin_handle
00125ef4 0000000c d __stdout_handle
00125f00 00001000 d handles
00126f08 d _GLOBAL_OFFSET_TABLE_
00126f14 d __frame_dummy_init_array_entry
00126f14 D __init_array_start
00126f14 B __preinit_array_end
00126f14 B __preinit_array_start
00126f14 D __tdata_lma
00126f14 D __tdata_lma_end
00126f18 d __do_global_dtors_aux_fini_array_entry
00126f18 D __fini_array_start
00126f18 D __init_array_end
00126f1c D __bss_start__
00126f1c D __fini_array_end
00126f1c b completed.1
00126f20 b object.0
00126f38 00000004 B cookiesPerSecond
00126f3c 00000004 B day
00126f40 00000004 B hours
00126f44 00000004 B kDownOld
00126f48 00000004 B kHeldOld
00126f4c 00000004 B kUpOld
00126f50 00000004 B minutes
00126f54 00000004 B month
00126f58 00000004 B seconds
00126f5c 00000008 B upgradeInventar
00126f64 00000004 B year
00126f68 00000004 B g_dynamicBuf
00126f6c 00000054 B g_headlineText
00126fc0 00000004 B g_staticBuf
00126fc4 00000004 B input
00126fc8 00000002 B posX
00126fca 00000002 B posY
00126fcc 00000028 B cookie
00126ff4 00000028 B shop_icon
0012701c 00000028 B shop_tab
00127044 00000004 b spriteSheet
00127048 000005a8 B __C2Di_Context
001275f0 00000040 b s_projBot
00127630 00000040 b s_projTop
00127670 00000004 b uLoc_mdlvMtx
00127674 00000004 b uLoc_projMtx
00127678 00000004 b s_glyphSheets
0012767c 00000004 b s_textScale
00127680 000002d0 B __C3D_Context
00127950 0000000c b hookCookie
00127960 00000010 b cpuTime
00127970 00000004 b firstTarget
00127974 00000008 b frameCounter
0012797c 00000004 b frameEndCb
00127980 00000004 b frameEndCbData
00127988 00000010 b gpuTime
00127998 00000001 b inFrame
00127999 00000001 b inSafeTransfer
0012799a 00000001 b isTopStereo
0012799c 00000004 b lastTarget
001279a0 0000000c b linkedTarget
001279ac 00000001 b measureGpuTime
001279ad 00000001 b needSwapBot
001279ae 00000001 b needSwapTop
001279b0 00000004 B C3D_BoolUnifs
001279b4 00000002 B C3D_BoolUnifsDirty
001279b8 00000c00 B C3D_FVUnif
001285b8 000000c0 B C3D_FVUnifDirty
00128678 00000020 B C3D_IVUnif
00128698 00000008 B C3D_IVUnifDirty
001286a0 000000c0 b C3Di_FVUnifEverDirty
00128760 00000008 b C3Di_IVUnifEverDirty
00128768 00000018 b C3Di_ShaderFVecData
00128780 00000008 b sVramPoolA
00128788 00000008 b sVramPoolB
00128790 0000000c b sAddrMap
0012879c 00000008 b sLinearPool
001287a4 0000000c b sAddrMap
001287b0 00000004 V __romfs_path
001287b4 00000004 b romfs_mount_list
001287b8 00000001 V __ctru_speedup
001287bc 00000004 B g_sharedFont
001287c0 00000004 b sharedFontAddr
001287c4 00000004 b gfxBottomFramebufferMaxSize
001287c8 00000008 b gfxBottomFramebuffers
001287d0 00000002 b gfxCurBuf
001287d4 00000002 b gfxFramebufferFormats
001287d8 00000002 b gfxIsDoubleBuf
001287da 00000001 b gfxIsVram
001287dc 00000004 b gfxTopFramebufferMaxSize
001287e0 00000008 b gfxTopFramebuffers
001287e8 00000001 b gfxTopMode
001287ec 00000004 b screenAlloc
001287f0 00000004 b screenFree
001287f4 00000004 b boundQueue
001287f8 00000004 b curQueue
001287fc 00000001 b isActive
001287fd 00000001 b isRunning
001287fe 00000001 b shouldStop
00128800 00000004 B gpuCmdBuf
00128804 00000004 B gpuCmdBufOffset
00128808 00000004 B gpuCmdBufSize
0012880c 00000004 b gspEvent
00128810 0000001c b gspEventCb
0012882c 0000001c b gspEventCbData
00128848 00000007 b gspEventCbOneShot
00128850 00000004 b gspEventThread
00128854 00000038 b gspEvents
0012888c 00000004 b gspGpuHandle
00128890 00000001 b gspGpuRight
00128894 00000004 b gspLastEvent
00128898 00000004 b gspRefCount
0012889c 00000001 b gspRunEvents
001288a0 00000004 b gspSharedMem
001288a4 00000004 b gspSharedMemHandle
001288a8 00000001 b gspThreadId
001288a9 00000001 b aptChainloadFlags
001288aa 00000001 b aptChainloadMediatype
001288b0 00000008 b aptChainloadTid
001288b8 00000004 b aptEventHandlerThread
001288bc 00000001 b aptEventHandlerThreadQuit
001288c0 00000008 b aptEvents
001288c8 0000000c b aptFirstHook
001288d4 00000004 b aptFlags
001288d8 00000001 b aptHomeButtonState
001288dc 00000004 b aptLockHandle
001288e0 00000004 b aptMessageFunc
001288e4 00000004 b aptMessageFuncData
001288e8 00001000 b aptParameters
001298e8 00000008 b aptReceiveEvent
001298f0 00000004 b aptRefCount
001298f4 00000008 b aptSleepEvent
001298fc 00000001 b flagInit.1
001298fd 00000001 b flagValue.0
00129900 00000004 b serviceName.6
00129904 00000006 b aVec
0012990c 00000004 b cPos
00129910 00000006 b gRate
00129918 00000014 B hidEvents
0012992c 00000004 B hidHandle
00129930 00000004 B hidMemHandle
00129934 00000004 b hidRefCount
00129938 00000004 B hidSharedMem
0012993c 00000004 b kDown
00129940 00000004 b kHeld
00129944 00000004 b kOld
00129948 00000004 b kRepeat
0012994c 00000004 b kUp
00129950 00000004 b tPos
00129954 00000001 b usingIrrst
00129958 00000004 b ptmSysmHandle
0012995c 00000004 b ptmSysmRefCount
00129960 00000080 b fsExemptArchives
001299e0 00000004 b fsuHandle
001299e4 00000004 b fsuRefCount
001299e8 00000004 B __ctru_heap
001299ec 00000004 V __ctru_heap_size
001299f0 00000004 B __ctru_linear_heap
001299f4 00000004 V __ctru_linear_heap_size
001299f8 00000004 B __system_retAddr
001299fc 00000004 B __system_argc
00129a00 00000004 B __system_argv
00129a04 b saved_stack
00129a0c 00000004 b arbiter
00129a10 00000004 B __3dslink_host
00129a14 00000004 b srvHandle
00129a18 00000004 b srvRefCount
00129a1c 00000004 b currentAddr
00129a20 00000004 b maxAddr
00129a24 00000004 b minAddr
00129a28 00000004 b csPos
00129a2c 00000004 B irrstEvent
00129a30 00000004 B irrstHandle
00129a34 00000004 B irrstMemHandle
00129a38 00000004 b irrstRefCount
00129a3c 00000004 B irrstSharedMem
00129a40 00000004 b kHeld
00129a44 00000004 b srvPmHandle
00129a48 00000004 b archive_device_cwd
00129a50 00000540 b archive_devices
00129f90 00000001 b archive_initialized
00129f94 0000000c b __sfp_recursive_mutex
00129fa0 0000000c b __sinit_recursive_mutex
00129fac 00000028 B __malloc_current_mallinfo
00129fd4 00000004 B __malloc_max_sbrked_mem
00129fd8 00000004 B __malloc_max_total_mem
00129fdc 00000004 B __malloc_top_pad
00129fe0 0000000c b __malloc_recursive_mutex
00129fec 0000000c B __atexit_recursive_mutex
00129ff8 00000004 b heap_start.0
00129ffc 00000004 B fake_heap_end
0012a000 00000004 B fake_heap_start
0012a004 00000400 b temp_cwd
0012a404 00000004 b __hndl_lock
0012a408 B __tls_start
0012b010 B __bss_end__
0012b010 A __end__
0012b010 B __tls_end
