         w __deregister_frame_info
         w __register_frame_info
         w userAppExit
         w userAppInit
00000000 00000401 B __ctru_dev_path_buf
00000000 b _TLS_MODULE_BASE_
00000000 a shift
00000000 a shift
00000404 00000802 B __ctru_dev_utf16_buf
00100000 A __start__
00100000 T _start
00100008 T __service_ptr
0010000c T __apt_appid
00100010 T __heap_size
00100014 T __linear_heap_size
00100018 T __system_arglist
0010001c T __system_runflags
00100020 t startup
00100058 t ClearMem
0010006c t ClrLoop
00100094 T _init
001000ac t .udivsi3_skip_div0_test
001000ac T __aeabi_uidiv
001000ac 000001ec T __udivsi3
00100298 00000020 T __aeabi_uidivmod
001002b8 T __aeabi_idiv
001002b8 00000220 T __divsi3
001002c0 t .divsi3_skip_div0_test
001004d8 00000020 T __aeabi_idivmod
001004f8 00000004 W __aeabi_idiv0
001004f8 00000004 W __aeabi_ldiv0
001004fc T __aeabi_drsub
00100504 000002b0 T __aeabi_dsub
00100504 000002b0 T __subdf3
00100508 000002ac T __adddf3
00100508 000002ac T __aeabi_dadd
001007b4 00000024 T __aeabi_ui2d
001007b4 00000024 T __floatunsidf
001007d8 00000028 T __aeabi_i2d
001007d8 00000028 T __floatsidf
00100800 00000048 T __aeabi_f2d
00100800 00000048 T __extendsfdf2
00100848 00000074 T __aeabi_ul2d
00100848 00000074 T __floatundidf
0010085c 00000060 T __aeabi_l2d
0010085c 00000060 T __floatdidf
001008bc T __aeabi_ldivmod
00100990 T __aeabi_uldivmod
001009e8 00000390 T strcmp
00100d70 t __do_global_dtors_aux
00100db0 t frame_dummy
00100ddc 00000130 T app
00100f0c 00000050 T initMainScreen
00100f5c 0000011c T renderMainScreen_Top
00101078 00000110 T renderMainScreen_Bottom
00101188 00000140 T renderBottomSettingsScreen
001012c8 00000020 T exitScene
001012e8 0000003c T getInput
00101324 0000004c T ButtonClick
00101370 000002f4 T main
00101664 00000034 t C2Di_FrameEndHook
00101698 00000330 T C2D_Init
001019c8 00000044 T C2D_Fini
00101a0c 000000d0 T C2D_Prepare
00101adc 0000003c T C2D_Flush
00101b18 00000108 T C2D_SceneSize
00101c20 00000058 T C2D_CreateScreenTarget
00101c78 00000058 T C2D_TargetClear
00101cd0 0000013c T C2Di_CalcQuad
00101e0c 00000040 T C2Di_AppendVtx
00101e4c 0000022c T C2Di_Update
00102078 000002f8 T C2D_DrawImage
00102370 000001b0 T C2D_DrawRectangle
00102520 00000018 t C2Di_GlyphComp
00102538 00000140 t C2Di_CalcLineWidths
00102678 000001d0 T C2D_TextBufNew
00102848 00000004 T C2D_TextBufDelete
0010284c 0000000c T C2D_TextBufClear
00102858 000001c8 T C2D_TextFontParseLine
00102a20 000000a8 T C2D_TextFontParse
00102ac8 00000014 T C2D_TextParse
00102adc 00000030 T C2D_TextOptimize
00102b0c 000010d4 T C2D_DrawText
00103be0 0000006c T C2D_SpriteSheetLoadFromHandle
00103c4c 00000048 T C2D_SpriteSheetLoad
00103c94 00000028 T C2D_SpriteSheetFree
00103cbc 0000002c T C2D_SpriteSheetGetImage
00103ce8 00000044 T C2D_FontGlyphIndexFromCodePoint
00103d2c 00000078 T C2D_FontCalcGlyphPos
00103da4 00000004 W C3Di_LightEnvUpdate
00103da8 00000004 W C3Di_LightEnvDirty
00103dac 000000b4 t C3Di_AptEventHook
00103e60 00000004 W C3Di_GasUpdate
00103e64 000001e0 T C3D_Init
00104044 00000098 T C3D_SetViewport
001040dc 000004ec T C3Di_UpdateContext
001045c8 000000e0 T C3Di_SplitFrame
001046a8 00000044 T C3D_Fini
001046ec 00000108 T C3D_BindProgram
001047f4 0000004c t onVBlank0
00104840 0000004c t onVBlank1
0010488c 00000080 t C3Di_RenderTargetDestroy
0010490c 000000f4 t onQueueFinish
00104a00 00000038 T C3Di_RenderQueueEnableVBlank
00104a38 00000030 T C3Di_RenderQueueDisableVBlank
00104a68 00000060 T C3Di_RenderQueueInit
00104ac8 000000b0 T C3Di_RenderQueueExit
00104b78 00000034 T C3Di_RenderQueueWaitDone
00104bac 000000e4 T C3D_FrameBegin
00104c90 00000048 T C3D_FrameDrawOn
00104cd8 00000058 T C3D_FrameSplit
00104d30 000001d8 T C3D_FrameEnd
00104f08 0000001c T C3D_FrameEndHook
00104f24 00000128 T C3D_RenderTargetCreate
0010504c 000000a8 T C3D_RenderTargetSetOutput
001050f4 000000fc T C3D_SyncTextureCopy
001051f0 000002a0 T C3D_TexInitWithParams
00105490 000000c8 T C3D_TexLoadImage
00105558 00000044 T C3D_TexBind
0010559c 00000074 T C3D_TexDelete
00105610 0000016c T C3Di_SetTex
0010577c 000003f4 t Tex3DSi_ImportCommon
00105b70 00000038 T Tex3DS_TextureImportStdio
00105ba8 0000001c T Tex3DS_GetSubTexture
00105bc4 00000004 T Tex3DS_TextureFree
00105bc8 0000001c T C3D_CalcColorBufSize
00105be4 0000001c T C3D_CalcDepthBufSize
00105c00 00000044 T C3D_SetFrameBuf
00105c44 0000016c T C3Di_FrameBufBind
00105db0 000000cc T C3D_FrameBufClear
00105e7c 00000044 T C3D_FrameBufTransfer
00105ec0 00000034 T C3D_GetTexEnv
00105ef4 00000024 T C3Di_TexEnvBind
00105f18 00000070 T C3D_ProcTexInit
00105f88 00000054 T C3D_ProcTexBind
00105fdc 0000005c T C3D_ProcTexLutBind
00106038 000000a4 T ProcTexLut_FromArray
001060dc 0000017c T C3Di_ProcTexUpdate
00106258 00000068 T C3Di_ProcTexDirty
001062c0 00000024 T BufInfo_Init
001062e4 00000080 T BufInfo_Add
00106364 00000040 T C3D_SetBufInfo
001063a4 00000048 T C3Di_BufInfoBind
001063ec 00000148 T C3D_DrawArrays
00106534 00000040 T C3D_DepthMap
00106574 0000001c T C3D_CullFace
00106590 00000040 T C3D_StencilTest
001065d0 00000024 T C3D_StencilOp
001065f4 0000001c T C3D_BlendingColor
00106610 00000024 T C3D_EarlyDepthTest
00106634 0000002c T C3D_DepthTest
00106660 0000002c T C3D_AlphaTest
0010668c 00000050 T C3D_AlphaBlend
001066dc 00000030 T C3D_FragOpMode
0010670c 00000044 T C3D_FragOpShadow
00106750 000001ac T C3Di_EffectBind
001068fc 00000028 T AttrInfo_Init
00106924 00000098 T AttrInfo_AddLoader
001069bc 00000054 T C3D_SetAttrInfo
00106a10 00000080 T C3Di_AttrInfoBind
00106a90 000000a8 T C3D_ImmSendAttrib
00106b38 0000029c T C3D_UpdateUniforms
00106dd4 000000c0 T C3Di_DirtyUniforms
00106e94 000000d8 T C3Di_LoadShaderUniforms
00106f6c 00000028 T C3Di_ClearShaderUniforms
00106f94 000000cc T Mtx_Ortho
00107060 000000cc T Mtx_OrthoTilt
0010712c 00000024 t addrMapNodeComparator(rbtree_node const*, rbtree_node const*)
00107150 00000004 t addrMapNodeDestructor(rbtree_node*)
00107154 00000114 T vramMemAlign
00107268 00000008 T vramAlloc
00107270 0000005c T vramFree
001072cc 00000024 t addrMapNodeComparator(rbtree_node const*, rbtree_node const*)
001072f0 00000004 t addrMapNodeDestructor(rbtree_node*)
001072f4 00000120 T linearMemAlign
00107414 00000008 T linearAlloc
0010741c 0000005c T linearFree
00107478 00000084 T MemPool::CoalesceRight(MemBlock*)
001074fc 00000170 T MemPool::Allocate(MemChunk&, unsigned long, int)
0010766c 000000fc T MemPool::Deallocate(MemChunk const&)
00107768 00000008 t romfs_close
00107770 000000c8 t romfs_seek
00107838 00000024 t romfs_dirreset
0010785c 000000c8 t fill_dir
00107924 000002b0 t romfs_dirnext
00107bd4 00000084 t romfs_free
00107c58 000000d4 t searchForFile.constprop.0
00107d2c 000000d8 t searchForDir.constprop.0
00107e04 000001c0 t navigateToDir.constprop.0
00107fc4 00000128 t romfs_open
001080ec 0000004c t romfs_chdir
00108138 00000070 t romfs_diropen
001081a8 0000017c t romfs_stat
00108324 00000008 t romfs_dirclose
0010832c 0000007c t romfs_fstat
001083a8 000000d4 t romfs_read
0010847c 00000290 T romfsMountFromFile
0010870c 00000098 T romfsMountFromCurrentProcess
001087a4 0000025c T romfsMountSelf
00108a00 00000074 T osConvertVirtToPhys
00108a74 00000054 T osGetTimeRef
00108ac8 000000e4 T osGetTime
00108bac 00000074 T __libctru_gtod
00108c20 00000034 T __ctru_speedup_config
00108c54 0000009c T fontEnsureMapped
00108cf0 000000fc T fontGlyphIndexFromCodePoint
00108dec 0000006c T fontGetCharWidthInfo
00108e58 000001c0 T fontCalcGlyphPos
00109018 000000d0 t gfxPresentFramebuffer
001090e8 0000001c T gfxIsWide
00109104 000000ec T gfxSetScreenFormat
001091f0 00000108 T gfxInit
001092f8 00000010 T gfxInitDefault
00109308 000000b4 T gfxExit
001093bc 000000a0 T gfxGetFramebuffer
0010945c 0000010c T gfxFlushBuffers
00109568 00000030 T gfxScreenSwapBuffers
00109598 000001e0 T shaderInstanceInit
00109778 00000018 T shaderInstanceGetUniformLocation
00109790 0000001c T shaderProgramInit
001097ac 00000064 T shaderProgramFree
00109810 00000080 T shaderProgramSetVsh
00109890 000008c0 T shaderProgramConfigure
0010a150 000001f8 t DVLE_GenerateOutmap.part.0
0010a348 000001cc T DVLB_ParseFile
0010a514 00000038 T DVLB_Free
0010a54c 00000074 T DVLE_GetUniformRegister
0010a5c0 00000010 T GX_BindQueue
0010a5d0 00000078 T GX_ProcessCommandList
0010a648 00000074 T GX_MemoryFill
0010a6bc 00000070 T GX_DisplayTransfer
0010a72c 00000074 T GX_TextureCopy
0010a7a0 00000068 t gxCmdQueueDoCommands.part.0
0010a808 000000c8 T gxCmdQueueInterrupt
0010a8d0 0000004c T gxCmdQueueClear
0010a91c 000000f8 T gxCmdQueueAdd
0010aa14 00000080 T gxCmdQueueRun
0010aa94 00000060 T gxCmdQueueStop
0010aaf4 00000074 T gxCmdQueueWait
0010ab68 0000013c T GPUCMD_Add
0010aca4 000000ac T GPUCMD_Split
0010ad50 00000040 T f32tof16
0010ad90 00000040 T f32tof24
0010add0 00000044 T f32tof31
0010ae14 00000c58 t gspHardwareInit
0010ba6c 00000254 T gspInit
0010bcc0 000000f0 T gspExit
0010bdb0 00000010 T gspHasGpuRight
0010bdc0 00000098 T gspPresentBuffer
0010be58 00000030 T gspSetEventCallback
0010be88 00000050 T gspWaitForEvent
0010bed8 0000004c T gspWaitForAnyEvent
0010bf24 00000160 t gspEventThreadMain
0010c084 00000130 T gspSubmitGxCommand
0010c1b4 00000050 T GSPGPU_FlushDataCache
0010c204 00000034 T GSPGPU_SetLcdForceBlack
0010c238 00000068 T GSPGPU_AcquireRight
0010c2a0 00000048 T GSPGPU_ReleaseRight
0010c2e8 0000007c T GSPGPU_ImportDisplayCaptureInfo
0010c364 0000002c T GSPGPU_SaveVramSysArea
0010c390 0000002c T GSPGPU_RestoreVramSysArea
0010c3bc 000001b0 t aptConvertScreenForCapture
0010c56c 00000008 W aptDspSleep
0010c574 00000004 W aptDspWakeup
0010c578 00000004 W aptDspCancel
0010c57c 0000015c T aptSendCommand
0010c6d8 00000038 t aptExitProcess
0010c710 000002f0 T aptExit
0010ca00 000000d8 T aptHandleSleep
0010cad8 00000030 T aptHook
0010cb08 00000030 T aptUnhook
0010cb38 00000084 T APT_SleepIfShellClosed
0010cbbc 00000084 T aptSetSleepAllowed
0010cc40 00000084 T APT_UnlockTransition
0010ccc8 00000484 t aptEventHandler
0010d14c 000000b0 T APT_ReceiveParameter
0010d1fc 000000b0 t aptReceiveParameter.constprop.0
0010d2b0 000002bc t aptScreenTransfer
0010d56c 000002d0 t aptWaitForWakeUp.isra.0
0010d83c 000000f8 T aptJumpToHomeMenu
0010d934 0000004c T aptMainLoop
0010d980 00000234 T aptInit
0010dbb4 0000007c T APT_CheckNew3DS
0010dc30 00000048 T APT_GetSharedFont
0010dc78 00000024 W hidShouldUseIrrst
0010dc9c 0000018c T hidInit
0010de28 000000e8 T hidExit
0010df10 00000294 T hidScanInput
0010e1a4 00000010 T hidKeysHeld
0010e1b4 00000010 T hidKeysDown
0010e1c4 00000010 T hidKeysUp
0010e1d4 00000018 T hidTouchRead
0010e1ec 00000074 T ptmSysmInit
0010e260 0000003c T ptmSysmExit
0010e29c 00000034 T PTMSYSM_ConfigureNew3DSCPU
0010e2d0 000000c8 T fsInit
0010e398 0000003c T fsExit
0010e3d4 00000060 T fsExemptFromSession
0010e434 00000050 T fsUnexemptFromSession
0010e484 000000cc T FSUSER_OpenFile
0010e550 000000d4 T FSUSER_OpenFileDirectly
0010e624 000000bc T FSUSER_DeleteFile
0010e6e0 000000f8 T FSUSER_RenameFile
0010e7d8 000000bc T FSUSER_DeleteDirectory
0010e894 000000d4 T FSUSER_CreateFile
0010e968 000000c4 T FSUSER_CreateDirectory
0010ea2c 000000f8 T FSUSER_RenameDirectory
0010eb24 000000b4 T FSUSER_OpenDirectory
0010ebd8 00000094 T FSUSER_OpenArchive
0010ec6c 0000008c T FSUSER_CloseArchive
0010ecf8 00000074 T FSUSER_GetSdmcArchiveResource
0010ed6c 00000064 T FSUSER_IsSdmcWritable
0010edd0 00000058 T FSFILE_Read
0010ee28 00000060 T FSFILE_Write
0010ee88 00000038 T FSFILE_GetSize
0010eec0 00000028 T FSFILE_SetSize
0010eee8 0000003c T FSFILE_Close
0010ef24 00000024 T FSFILE_Flush
0010ef48 00000050 T FSDIR_Read
0010ef98 0000003c T FSDIR_Close
0010efd4 000000cc t buffer_read
0010f0a0 000000d0 t iov_read
0010f170 00000128 t iov_memmove
0010f298 000001d8 t decompress_rle
0010f470 00000258 t decompress_lzss
0010f6c8 000002ec t decompress_huff.part.0
0010f9b4 00000440 t decompress_lz11
0010fdf4 00000010 T decompressCallback_Stdio
0010fe04 000000e4 T decompressHeader
0010fee8 00000250 T decompressV
00110138 00000010 T rbtree_init
00110148 000001a0 t do_insert
001102e8 00000008 T rbtree_insert
001102f0 00000090 T rbtree_rotate
00110380 00000338 T rbtree_remove
001106b8 00000074 T rbtree_find
0011072c 000000e8 T utf16_to_utf8
00110814 00000064 T decode_utf16
00110878 0000013c T decode_utf8
001109b4 000000c0 T utf8_to_utf16
00110a78 000001e0 W __system_allocateHeaps
00110c58 00000038 W __libctru_init
00110c90 000000f0 W __system_initArgv
00110d80 T svcControlMemory
00110da0 T svcQueryMemory
00110dd0 T svcExitProcess
00110dd8 T svcCreateThread
00110df8 T svcExitThread
00110e00 T svcSleepThread
00110e08 T svcReleaseMutex
00110e10 T svcCreateEvent
00110e24 T svcSignalEvent
00110e2c T svcClearEvent
00110e34 T svcMapMemoryBlock
00110e3c T svcUnmapMemoryBlock
00110e44 T svcCreateAddressArbiter
00110e58 T svcArbitrateAddressNoTimeout
00110e60 T svcCloseHandle
00110e68 T svcWaitSynchronization
00110e70 T svcWaitSynchronizationN
00110e98 T svcDuplicateHandle
00110eac T svcGetSystemTick
00110eb4 T svcConnectToPort
00110ec8 T svcSendSyncRequest
00110ed0 T svcGetResourceLimit
00110ee4 T svcGetResourceLimitLimitValues
00110eec T svcGetResourceLimitCurrentValues
00110ef4 T svcBreak
00110efc W initSystem
00110f4c W __ctru_exit
00110f64 T __aeabi_read_tp
00110f70 0000000c T __sync_init
00110f7c 00000018 T __sync_fini
00110f94 0000002c T syncArbitrateAddress
00110fc0 0000001c T LightLock_Init
00110fdc 00000094 T LightLock_Lock
00111070 00000044 T LightLock_TryLock
001110b4 00000040 T LightLock_Unlock
001110f4 00000024 T RecursiveLock_Init
00111118 00000030 T RecursiveLock_Lock
00111148 00000078 T RecursiveLock_TryLock
001111c0 00000054 T RecursiveLock_Unlock
00111214 00000040 T LightEvent_Init
00111254 000000a4 T LightEvent_Clear
001112f8 000000c8 T LightEvent_Signal
001113c0 00000058 T LightEvent_TryWait
00111418 000000b0 T LightEvent_Wait
001114c8 00000084 W envGetHandle
0011154c 00000050 W envDestroyHandles
0011159c 00000124 T srvInit
001116c0 00000058 T srvExit
00111718 00000080 T srvGetServiceHandleDirect
00111798 00000048 T srvGetServiceHandle
001117e0 00000038 T srvPublishToSubscriber
00111818 00000188 T threadCreate
001119a0 0000002c T threadFree
001119cc 00000024 T threadJoin
001119f0 00000030 T threadGetCurrent
00111a20 00000040 T threadExit
00111a60 00000044 t _thread_begin
00111aa4 00000094 t mappableFindAddressWithin
00111b38 00000028 T mappableInit
00111b60 00000080 T mappableAlloc
00111be0 00000004 T mappableFree
00111be4 00000160 T irrstInit
00111d44 000000cc T irrstExit
00111e10 000000b0 T irrstScanInput
00111ec0 00000024 T irrstKeysHeld
00111ee4 0000000c T srvPmGetSessionHandle
00111ef0 00000050 T rbtree_node_next
00111f40 00000060 T encode_utf16
00111fa0 000000fc T encode_utf8
0011209c 00000030 W __appInit
001120cc 00000030 t __libctru_nanosleep
001120fc 00000030 t __libctru_get_reent
0011212c 000000f8 T __system_initSyscalls
00112224 00000030 W __appExit
00112254 00000090 W __libctru_exit
001122e4 00000014 t archive_link
001122f8 00000014 t archive_dirreset
0011230c 00000014 t archive_chmod
00112320 00000024 t error_cmp
00112344 00000050 t archive_translate_error
00112394 000000d4 t archive_seek
00112468 0000007c t _archiveInit.part.0
001124e4 0000008c t archiveFindDevice.part.0
00112570 00000294 t archive_utf16path
00112804 000000a0 t _archiveUnmountDeviceStruct.part.0
001128a4 00000014 t archive_fchmod
001128b8 00000014 t archive_statvfs
001128cc 00000158 t _archiveMountDevice
00112a24 000000e8 t archive_diropen
00112b0c 000000a4 t archive_fstat
00112bb0 0000006c t archive_close
00112c1c 0000006c t archive_fsync
00112c88 00000070 t archive_dirclose
00112cf8 000000e8 t sdmc_statvfs
00112de0 00000080 t archive_ftruncate
00112e60 000000fc t archive_chdir
00112f5c 000000b0 t archive_read
0011300c 000000ac t archive_unlink
001130b8 000000c8 t archive_rmdir
00113180 000000ec t archive_mkdir
0011326c 000001a8 t archive_stat
00113414 00000184 t archive_rename
00113598 00000168 t archive_dirnext
00113700 0000012c t archive_write
0011382c 000001f0 t archive_open
00113a1c 000001a4 T archiveMountSdmc
00113bc0 00000054 T archiveUnmountAll
00113c18 0000022c T cosf
00113e44 00000024 t with_errnof
00113e68 0000001c T __math_invalidf
00113e84 000000b8 T ceilf
00113f40 0000026c T sinf
001141ac 00000120 T __udivmoddi4
001142cc 00000078 T bsearch
00114344 00000028 T calloc
0011436c 000000bc T _calloc_r
00114428 0000000c T __errno
00114434 00000034 T exit
00114468 00000160 T _fclose_r
001145c8 00000020 T fclose
001145e8 00000258 T __sflush_r
00114840 00000094 T _fflush_r
001148d4 00000038 T fflush
0011490c 0000000c T _cleanup_r
00114918 00000184 T __sinit
00114a9c 00000134 T __sfp
00114bd0 0000000c T __sfp_lock_acquire
00114bdc 0000000c T __sfp_lock_release
00114be8 0000003c T __libc_fini_array
00114c24 00000140 T _fopen_r
00114d64 00000028 T fopen
00114d8c 000002d4 T _fread_r
00115060 00000038 T fread
00115098 000000f8 T _malloc_trim_r
00115190 000002e4 T _free_r
00115474 0000001c T _fseek_r
00115490 00000598 T _fseeko_r
00115a28 00000068 T _fwalk
00115a90 00000070 T _fwalk_reent
00115b00 0000007c T __libc_init_array
00115b7c 00000138 T __smakebuf_r
00115cb4 0000008c T __swhatbuf_r
00115d40 00000028 T memalign
00115d68 00000150 T _memalign_r
00115eb8 00000020 T malloc
00115ed8 00000020 T free
00115ef8 000007e0 T _malloc_r
001166d8 000000a8 T memcmp
00116780 0000011c T memcpy
0011689c 00000118 T memset
001169b4 0000000c T __malloc_lock
001169c0 0000000c T __malloc_unlock
001169cc 00000958 T qsort
00117324 00000558 T _realloc_r
0011787c 0000001c t lflush
00117898 000001ac T __srefill_r
00117a44 00000260 T setvbuf
00117ca4 000000cc T snprintf
00117d70 00000044 T __sread
00117db4 00000068 T __swrite
00117e1c 00000048 T __sseek
00117e64 00000008 T __sclose
00117e6c 0000012c T strchr
00117f98 0000005c T strlen
00117ff4 000000ec T strncat
001180e0 000000dc T strncmp
001181bc 000000c0 T strncpy
0011827c 00000048 T strnlen
001182c4 00000628 t get_arg
001188f0 000035b8 T _svfprintf_r
0011bea8 0000003c T time
0011bee4 00000054 T _wcrtomb_r
0011bf38 00000028 T _wcsrtombs_r
0011bf60 00000114 T __call_exitprocs
0011c074 000001ac t quorem
0011c220 000012cc T _dtoa_r
0011d4ec 000000cc T __sflags
0011d5b8 0000000c T _localeconv_r
0011d5c4 00000010 T __locale_mb_cur_max
0011d5d4 000002e4 T __utf8_mbtowc
0011d8b8 000000e0 T memchr
0011d998 00000154 T memmove
0011daec 00000088 T _Balloc
0011db74 0000001c T _Bfree
0011db90 000000f4 T __multadd
0011dc84 00000058 T __hi0bits
0011dcdc 00000094 T __lo0bits
0011dd70 000000a4 T __i2b
0011de14 00000204 T __multiply
0011e018 00000120 T __pow5mult
0011e138 0000013c T __lshift
0011e274 00000058 T __mcmp
0011e2cc 000001cc T __mdiff
0011e498 00000124 T __d2b
0011e5c0 000000a8 T frexp
0011e668 00000190 T __ssprint_r
0011e7f8 00000190 T _wcsnrtombs_l
0011e988 0000004c T _wcsnrtombs_r
0011e9d4 000000f0 T __utf8_wctomb
0011eac4 00000054 T __assert_func
0011eb18 0000003c T fiprintf
0011eb54 00000628 t get_arg
0011f17c 00000030 T __sprint_r
0011f1ac 0000233c T _vfiprintf_r
001214e8 000000d4 t __sbprintf
001215bc 00000154 T __swsetup_r
00121710 00000014 T abort
00121724 000004c0 T __sfvwrite_r
00121be4 00000098 T _raise_r
00121c7c 00000020 T raise
00121c9c 00000008 t null_write
00121ca4 00000018 T setDefaultDevice
00121cbc 000000c8 T FindDevice
00121d84 00000028 T RemoveDevice
00121dac 0000009c T AddDevice
00121e48 00000020 T GetDeviceOpTab
00121e68 00000078 T _fstat_r
00121ee0 00000014 T _getpid_r
00121ef4 00000038 T _gettimeofday_r
00121f2c 00000008 T _isatty_r
00121f34 00000014 T _kill_r
00121f48 00000084 T _lseek_r
00121fcc 000000c8 T _open_r
00122094 00000080 T _read_r
00122114 00000078 T _sbrk_r
0012218c 00000080 T _write_r
0012220c 00000024 T _exit
00122230 000001b8 T _concatenate_path
001223e8 00000160 T chdir
00122548 00000008 T __flockfile
00122550 00000008 T __funlockfile
00122558 00000018 T __libc_lock_acquire
00122570 00000018 T __libc_lock_release
00122588 00000018 T __libc_lock_init_recursive
001225a0 00000018 T __libc_lock_acquire_recursive
001225b8 00000018 T __libc_lock_release_recursive
001225d0 00000018 T __libc_lock_close_recursive
001225e8 0000008c T __release_handle
00122674 000000b4 T __alloc_handle
00122728 0000003c T __get_handle
00122764 000000f4 T _close_r
00122858 00000028 T __getreent
00122880 00000044 T strrchr
001228c4 T _fini
001230c4 R render2d_shbin
00123250 R render2d_shbin_end
00123250 R render2d_shbin_size
00123254 00000038 r CSWTCH.18
0012328c 00000005 r colorFmtSizes
00123294 00000004 r depthFmtSizes
00123298 00000010 r CSWTCH.9
001232cc 00000070 r romFS_devoptab
00123360 00000008 r morton_x.3
00123368 00000008 r morton_y.2
00123370 00000008 r s_sleepWakeEvents.4
001233d0 00000070 r archive_devoptab
00123440 00000030 r error_table
00123470 00000060 R __inv_pio4
001234d0 000000e0 R __sincosf_table
001235b0 00000004 R _global_impure_ptr
001235f0 00000010 r blanks.1
00123600 00000010 r zeroes.0
00123620 r .LC2
00123700 00000028 R __mprec_bigtens
00123728 000000c8 R __mprec_tens
001237f0 0000000c r p05.0
001237fc 0000006c R __action_table
00123868 00000100 R __chclass
00123968 0000006c R __state_table
00123a14 00000101 R _ctype_
00123b18 00000010 r blanks.1
00123b28 00000010 r zeroes.0
00123b38 00000070 R dotab_stdnull
00123ba8 r 
00123ba8 R __exidx_end
00123ba8 R __exidx_start
00124000 00000004 D mode
00124004 00000004 d framerate
00124008 00000008 d framerateCounter
00124010 00000004 d queueLock
00124014 00000004 d kCount
00124018 00000004 d kDelay
0012401c 00000004 d kInterval
00124020 W __stacksize__
00124024 0000000c d __sfp_recursive_mutex
00124030 0000000c d __sinit_recursive_mutex
0012403c 00000004 D _impure_ptr
00124040 00000460 d impure_data
001244a0 00000408 D __malloc_av_
001248a8 00000004 D __malloc_sbrk_base
001248ac 00000004 D __malloc_trim_threshold
001248b0 0000000c d __malloc_recursive_mutex
001248bc 0000000c D __atexit_recursive_mutex
001248c8 0000016c D __global_locale
00124a34 00000004 d defaultDevice
00124a38 0000008c D devoptab_list
00124ac4 00000400 d _current_working_directory
00124ec4 00000004 d __hndl_lock
00124ec8 0000000c d __stderr_handle
00124ed4 0000000c d __stdin_handle
00124ee0 0000000c d __stdout_handle
00124eec 00001000 d handles
00125ef4 d _GLOBAL_OFFSET_TABLE_
00125f00 d __frame_dummy_init_array_entry
00125f00 D __init_array_start
00125f00 B __preinit_array_end
00125f00 B __preinit_array_start
00125f00 D __tdata_lma
00125f00 D __tdata_lma_end
00125f04 d __do_global_dtors_aux_fini_array_entry
00125f04 D __fini_array_start
00125f04 D __init_array_end
00125f08 D __bss_start__
00125f08 D __fini_array_end
00125f08 00000004 B kDownOld
00125f0c 00000004 B kHeldOld
00125f10 00000004 B cookiesTotal
00125f14 00000004 B kUpOld
00125f18 00000004 B cookiesPerSecond
00125f1c 00000001 B msgbox
00125f1d 00000001 B ignoreMessage
00125f20 00000004 B g_staticBuf
00125f24 00000004 B g_dynamicBuf
00125f28 00000054 B g_headlineText
00125f7c 0000016c B g_staticText
001260e8 00000064 B buffer
0012614c 00000002 B posX
0012614e 00000002 B posY
00126150 00000004 B input
00126154 00000002 B oldposY
00126156 00000002 B oldposX
00126158 00000004 b spriteSheet
0012615c 00000028 B cookie
00126184 00000028 B shop
001261ac 00000001 B madeTranslation
001261ad b completed.1
001261b0 b object.0
001261c8 000005a0 B __C2Di_Context
00126768 00000040 b s_projBot
001267a8 00000040 b s_projTop
001267e8 00000004 b uLoc_mdlvMtx
001267ec 00000004 b uLoc_projMtx
001267f0 00000004 b s_glyphSheets
001267f4 00000004 b s_textScale
001267f8 000002d0 B __C3D_Context
00126ac8 0000000c b hookCookie
00126ad8 00000010 b cpuTime
00126ae8 00000004 b firstTarget
00126aec 00000008 b frameCounter
00126af4 00000004 b frameEndCb
00126af8 00000004 b frameEndCbData
00126b00 00000010 b gpuTime
00126b10 00000001 b inFrame
00126b11 00000001 b inSafeTransfer
00126b12 00000001 b isTopStereo
00126b14 00000004 b lastTarget
00126b18 0000000c b linkedTarget
00126b24 00000001 b measureGpuTime
00126b25 00000001 b needSwapBot
00126b26 00000001 b needSwapTop
00126b28 00000004 B C3D_BoolUnifs
00126b2c 00000002 B C3D_BoolUnifsDirty
00126b30 00000c00 B C3D_FVUnif
00127730 000000c0 B C3D_FVUnifDirty
001277f0 00000020 B C3D_IVUnif
00127810 00000008 B C3D_IVUnifDirty
00127818 000000c0 b C3Di_FVUnifEverDirty
001278d8 00000008 b C3Di_IVUnifEverDirty
001278e0 00000018 b C3Di_ShaderFVecData
001278f8 0000000c b sAddrMap
00127904 00000008 b sVramPool
0012790c 00000008 b sLinearPool
00127914 0000000c b sAddrMap
00127920 00000004 V __romfs_path
00127924 00000004 b romfs_mount_list
00127928 00000001 V __ctru_speedup
0012792c 00000004 B g_sharedFont
00127930 00000004 b sharedFontAddr
00127934 00000004 b gfxBottomFramebufferMaxSize
00127938 00000008 b gfxBottomFramebuffers
00127940 00000002 b gfxCurBuf
00127944 00000002 b gfxFramebufferFormats
00127948 00000002 b gfxIsDoubleBuf
0012794a 00000001 b gfxIsVram
0012794c 00000004 b gfxTopFramebufferMaxSize
00127950 00000008 b gfxTopFramebuffers
00127958 00000001 b gfxTopMode
0012795c 00000004 b screenAlloc
00127960 00000004 b screenFree
00127964 00000004 b boundQueue
00127968 00000004 b curQueue
0012796c 00000001 b isActive
0012796d 00000001 b isRunning
0012796e 00000001 b shouldStop
00127970 00000004 B gpuCmdBuf
00127974 00000004 B gpuCmdBufOffset
00127978 00000004 B gpuCmdBufSize
0012797c 00000004 b gspEvent
00127980 0000001c b gspEventCb
0012799c 0000001c b gspEventCbData
001279b8 00000007 b gspEventCbOneShot
001279c0 00000004 b gspEventThread
001279c4 00000038 b gspEvents
001279fc 00000004 b gspGpuHandle
00127a00 00000001 b gspGpuRight
00127a04 00000004 b gspLastEvent
00127a08 00000004 b gspRefCount
00127a0c 00000001 b gspRunEvents
00127a10 00000004 b gspSharedMem
00127a14 00000004 b gspSharedMemHandle
00127a18 00000001 b gspThreadId
00127a19 00000001 b aptChainloadFlags
00127a1a 00000001 b aptChainloadMediatype
00127a20 00000008 b aptChainloadTid
00127a28 00000004 b aptEventHandlerThread
00127a2c 00000001 b aptEventHandlerThreadQuit
00127a30 00000008 b aptEvents
00127a38 0000000c b aptFirstHook
00127a44 00000004 b aptFlags
00127a48 00000001 b aptHomeButtonState
00127a4c 00000004 b aptLockHandle
00127a50 00000004 b aptMessageFunc
00127a54 00000004 b aptMessageFuncData
00127a58 00001000 b aptParameters
00128a58 00000008 b aptReceiveEvent
00128a60 00000004 b aptRefCount
00128a64 00000008 b aptSleepEvent
00128a6c 00000001 b flagInit.1
00128a6d 00000001 b flagValue.0
00128a70 00000004 b serviceName.6
00128a74 00000006 b aVec
00128a7c 00000004 b cPos
00128a80 00000006 b gRate
00128a88 00000014 B hidEvents
00128a9c 00000004 B hidHandle
00128aa0 00000004 B hidMemHandle
00128aa4 00000004 b hidRefCount
00128aa8 00000004 B hidSharedMem
00128aac 00000004 b kDown
00128ab0 00000004 b kHeld
00128ab4 00000004 b kOld
00128ab8 00000004 b kRepeat
00128abc 00000004 b kUp
00128ac0 00000004 b tPos
00128ac4 00000001 b usingIrrst
00128ac8 00000004 b ptmSysmHandle
00128acc 00000004 b ptmSysmRefCount
00128ad0 00000080 b fsExemptArchives
00128b50 00000004 b fsuHandle
00128b54 00000004 b fsuRefCount
00128b58 00000004 B __ctru_heap
00128b5c 00000004 V __ctru_heap_size
00128b60 00000004 B __ctru_linear_heap
00128b64 00000004 V __ctru_linear_heap_size
00128b68 00000004 B __system_retAddr
00128b6c 00000004 B __system_argc
00128b70 00000004 B __system_argv
00128b74 b saved_stack
00128b7c 00000004 b arbiter
00128b80 00000004 b srvHandle
00128b84 00000004 b srvRefCount
00128b88 00000004 b currentAddr
00128b8c 00000004 b maxAddr
00128b90 00000004 b minAddr
00128b94 00000004 b csPos
00128b98 00000004 B irrstEvent
00128b9c 00000004 B irrstHandle
00128ba0 00000004 B irrstMemHandle
00128ba4 00000004 b irrstRefCount
00128ba8 00000004 B irrstSharedMem
00128bac 00000004 b kHeld
00128bb0 00000004 b srvPmHandle
00128bb4 00000004 b archive_device_cwd
00128bb8 00000540 b archive_devices
001290f8 00000001 b archive_initialized
001290fc 00000028 B __malloc_current_mallinfo
00129124 00000004 B __malloc_max_sbrked_mem
00129128 00000004 B __malloc_max_total_mem
0012912c 00000004 B __malloc_top_pad
00129130 00000004 b heap_start.0
00129134 00000004 B fake_heap_end
00129138 00000004 B fake_heap_start
0012913c 00000400 b temp_cwd
0012953c 00000048 B __syscalls
00129584 B __tls_start
0012a18c B __bss_end__
0012a18c A __end__
0012a18c B __tls_end
